Determining if the pthread_create exist failed with the following output:
Change Dir: /home/chengdaqian/UAV_UGV_Exploration/explor_catkin_ws/src/sim_odom_controller/cmake-build-debug/CMakeFiles/CMakeTmp

Run Build Command:"/usr/bin/make" "cmTC_6b556/fast"
/usr/bin/make -f CMakeFiles/cmTC_6b556.dir/build.make CMakeFiles/cmTC_6b556.dir/build
make[1]: Entering directory '/home/chengdaqian/UAV_UGV_Exploration/explor_catkin_ws/src/sim_odom_controller/cmake-build-debug/CMakeFiles/CMakeTmp'
Building C object CMakeFiles/cmTC_6b556.dir/CheckSymbolExists.c.o
/usr/bin/cc    -o CMakeFiles/cmTC_6b556.dir/CheckSymbolExists.c.o   -c /home/chengdaqian/UAV_UGV_Exploration/explor_catkin_ws/src/sim_odom_controller/cmake-build-debug/CMakeFiles/CMakeTmp/CheckSymbolExists.c
Linking C executable cmTC_6b556
/home/chengdaqian/Software/clion-2017.2.2/bin/cmake/bin/cmake -E cmake_link_script CMakeFiles/cmTC_6b556.dir/link.txt --verbose=1
/usr/bin/cc      -rdynamic CMakeFiles/cmTC_6b556.dir/CheckSymbolExists.c.o  -o cmTC_6b556 
CMakeFiles/cmTC_6b556.dir/CheckSymbolExists.c.o: In function `main':
CheckSymbolExists.c:(.text+0x16): undefined reference to `pthread_create'
collect2: error: ld returned 1 exit status
CMakeFiles/cmTC_6b556.dir/build.make:97: recipe for target 'cmTC_6b556' failed
make[1]: *** [cmTC_6b556] Error 1
make[1]: Leaving directory '/home/chengdaqian/UAV_UGV_Exploration/explor_catkin_ws/src/sim_odom_controller/cmake-build-debug/CMakeFiles/CMakeTmp'
Makefile:126: recipe for target 'cmTC_6b556/fast' failed
make: *** [cmTC_6b556/fast] Error 2

File /home/chengdaqian/UAV_UGV_Exploration/explor_catkin_ws/src/sim_odom_controller/cmake-build-debug/CMakeFiles/CMakeTmp/CheckSymbolExists.c:
/* */
#include <pthread.h>

int main(int argc, char** argv)
{
  (void)argv;
#ifndef pthread_create
  return ((int*)(&pthread_create))[argc];
#else
  (void)argc;
  return 0;
#endif
}

Determining if the function pthread_create exists in the pthreads failed with the following output:
Change Dir: /home/chengdaqian/UAV_UGV_Exploration/explor_catkin_ws/src/sim_odom_controller/cmake-build-debug/CMakeFiles/CMakeTmp

Run Build Command:"/usr/bin/make" "cmTC_e4e68/fast"
/usr/bin/make -f CMakeFiles/cmTC_e4e68.dir/build.make CMakeFiles/cmTC_e4e68.dir/build
make[1]: Entering directory '/home/chengdaqian/UAV_UGV_Exploration/explor_catkin_ws/src/sim_odom_controller/cmake-build-debug/CMakeFiles/CMakeTmp'
Building C object CMakeFiles/cmTC_e4e68.dir/CheckFunctionExists.c.o
/usr/bin/cc   -DCHECK_FUNCTION_EXISTS=pthread_create   -o CMakeFiles/cmTC_e4e68.dir/CheckFunctionExists.c.o   -c /home/chengdaqian/Software/clion-2017.2.2/bin/cmake/share/cmake-3.8/Modules/CheckFunctionExists.c
Linking C executable cmTC_e4e68
/home/chengdaqian/Software/clion-2017.2.2/bin/cmake/bin/cmake -E cmake_link_script CMakeFiles/cmTC_e4e68.dir/link.txt --verbose=1
/usr/bin/cc  -DCHECK_FUNCTION_EXISTS=pthread_create    -rdynamic CMakeFiles/cmTC_e4e68.dir/CheckFunctionExists.c.o  -o cmTC_e4e68 -lpthreads 
/usr/bin/ld: cannot find -lpthreads
collect2: error: ld returned 1 exit status
CMakeFiles/cmTC_e4e68.dir/build.make:97: recipe for target 'cmTC_e4e68' failed
make[1]: *** [cmTC_e4e68] Error 1
make[1]: Leaving directory '/home/chengdaqian/UAV_UGV_Exploration/explor_catkin_ws/src/sim_odom_controller/cmake-build-debug/CMakeFiles/CMakeTmp'
Makefile:126: recipe for target 'cmTC_e4e68/fast' failed
make: *** [cmTC_e4e68/fast] Error 2


